<?xml version="1.0" encoding="UTF-8"?>
<!-- Generated by org.testng.reporters.JUnitXMLReporter -->
<testsuite hostname="DESKTOP-73PJK31" ignored="0" name="Surefire test" tests="1" failures="1" timestamp="2020-10-05T20:32:53 IST" time="2.556" errors="0">
  <testcase name="TestAPI" time="2.502" classname="com.home.RestAppTests">
    <failure type="java.lang.AssertionError" message="Service failed expected [true] but found [false]">
      <![CDATA[java.lang.AssertionError: Service failed expected [true] but found [false]
at com.home.RestAppTests.TestAPI(RestAppTests.java:24)
at java.util.ArrayList.forEach(ArrayList.java:1257)
... Removed 35 stack frames]]>
    </failure>
  </testcase> <!-- TestAPI -->
</testsuite> <!-- Surefire test -->
