-------------------------------------------------------------------------------
Test set: com.home.RestAppTests
-------------------------------------------------------------------------------
Tests run: 1, Failures: 1, Errors: 0, Skipped: 0, Time elapsed: 3.282 s <<< FAILURE! - in com.home.RestAppTests
com.home.RestAppTests.TestAPI  Time elapsed: 2.51 s  <<< FAILURE!
java.lang.AssertionError: Service failed expected [true] but found [false]
	at com.home.RestAppTests.TestAPI(RestAppTests.java:24)

