<?xml version="1.0" encoding="UTF-8"?>
<testsuite xmlns:xsi="http://www.w3.org/2001/XMLSchema-instance" xsi:noNamespaceSchemaLocation="https://maven.apache.org/surefire/maven-surefire-plugin/xsd/surefire-test-report-3.0.xsd" version="3.0" name="com.home.RestAppTests" time="3.282" tests="1" errors="0" skipped="0" failures="1">
  <properties>
[...]
</properties>
  <testcase name="TestAPI" classname="com.home.RestAppTests" time="2.51">
    <failure message="Service failed expected [true] but found [false]" type="java.lang.AssertionError"><![CDATA[java.lang.AssertionError: Service failed expected [true] but found [false]
	at com.home.RestAppTests.TestAPI(RestAppTests.java:24)
]]></failure>
  </testcase>
</testsuite>