<?xml version="1.0" encoding="UTF-8"?>
<testng-results skipped="0" failed="0" ignored="0" total="1" passed="1">
  <reporter-output>
  </reporter-output>
  <suite name="Default suite" duration-ms="2556" started-at="2020-10-05T20:29:45 IST" finished-at="2020-10-05T20:29:48 IST">
    <groups>
    </groups>
    <test name="Default test" duration-ms="2556" started-at="2020-10-05T20:29:45 IST" finished-at="2020-10-05T20:29:48 IST">
      <class name="com.home.RestAppTests">
        <test-method status="PASS" signature="TestAPI()[pri:0, instance:com.home.RestAppTests@63e2203c]" name="TestAPI" duration-ms="2493" started-at="2020-10-05T20:29:45 IST" finished-at="2020-10-05T20:29:48 IST">
          <reporter-output>
          </reporter-output>
        </test-method> <!-- TestAPI -->
      </class> <!-- com.home.RestAppTests -->
    </test> <!-- Default test -->
  </suite> <!-- Default suite -->
</testng-results>
